Determining if the pthread_create exist failed with the following output:
Change Dir: /home/vless/projects/qt_projs/registration/build-registration1-Desktop_Qt_5_9_1_GCC_64bit-Default/CMakeFiles/CMakeTmp

Run Build Command:"/usr/bin/make" "cmTC_225f6/fast"
/usr/bin/make -f CMakeFiles/cmTC_225f6.dir/build.make CMakeFiles/cmTC_225f6.dir/build
make[1]: Entering directory `/home/vless/projects/qt_projs/registration/build-registration1-Desktop_Qt_5_9_1_GCC_64bit-Default/CMakeFiles/CMakeTmp'
Building C object CMakeFiles/cmTC_225f6.dir/CheckSymbolExists.c.o
/usr/bin/gcc     -o CMakeFiles/cmTC_225f6.dir/CheckSymbolExists.c.o   -c /home/vless/projects/qt_projs/registration/build-registration1-Desktop_Qt_5_9_1_GCC_64bit-Default/CMakeFiles/CMakeTmp/CheckSymbolExists.c
Linking C executable cmTC_225f6
/usr/bin/cmake -E cmake_link_script CMakeFiles/cmTC_225f6.dir/link.txt --verbose=1
/usr/bin/gcc       CMakeFiles/cmTC_225f6.dir/CheckSymbolExists.c.o  -o cmTC_225f6 -rdynamic 
CMakeFiles/cmTC_225f6.dir/CheckSymbolExists.c.o: In function `main':
CheckSymbolExists.c:(.text+0x16): undefined reference to `pthread_create'
collect2: error: ld returned 1 exit status
make[1]: *** [cmTC_225f6] Error 1
make[1]: Leaving directory `/home/vless/projects/qt_projs/registration/build-registration1-Desktop_Qt_5_9_1_GCC_64bit-Default/CMakeFiles/CMakeTmp'
make: *** [cmTC_225f6/fast] Error 2

File /home/vless/projects/qt_projs/registration/build-registration1-Desktop_Qt_5_9_1_GCC_64bit-Default/CMakeFiles/CMakeTmp/CheckSymbolExists.c:
/* */
#include <pthread.h>

int main(int argc, char** argv)
{
  (void)argv;
#ifndef pthread_create
  return ((int*)(&pthread_create))[argc];
#else
  (void)argc;
  return 0;
#endif
}

Determining if the function pthread_create exists in the pthreads failed with the following output:
Change Dir: /home/vless/projects/qt_projs/registration/build-registration1-Desktop_Qt_5_9_1_GCC_64bit-Default/CMakeFiles/CMakeTmp

Run Build Command:"/usr/bin/make" "cmTC_20d3c/fast"
/usr/bin/make -f CMakeFiles/cmTC_20d3c.dir/build.make CMakeFiles/cmTC_20d3c.dir/build
make[1]: Entering directory `/home/vless/projects/qt_projs/registration/build-registration1-Desktop_Qt_5_9_1_GCC_64bit-Default/CMakeFiles/CMakeTmp'
Building C object CMakeFiles/cmTC_20d3c.dir/CheckFunctionExists.c.o
/usr/bin/gcc    -DCHECK_FUNCTION_EXISTS=pthread_create   -o CMakeFiles/cmTC_20d3c.dir/CheckFunctionExists.c.o   -c /usr/share/cmake-3.5/Modules/CheckFunctionExists.c
Linking C executable cmTC_20d3c
/usr/bin/cmake -E cmake_link_script CMakeFiles/cmTC_20d3c.dir/link.txt --verbose=1
/usr/bin/gcc   -DCHECK_FUNCTION_EXISTS=pthread_create    CMakeFiles/cmTC_20d3c.dir/CheckFunctionExists.c.o  -o cmTC_20d3c -rdynamic -lpthreads 
/usr/bin/ld: cannot find -lpthreads
collect2: error: ld returned 1 exit status
make[1]: *** [cmTC_20d3c] Error 1
make[1]: Leaving directory `/home/vless/projects/qt_projs/registration/build-registration1-Desktop_Qt_5_9_1_GCC_64bit-Default/CMakeFiles/CMakeTmp'
make: *** [cmTC_20d3c/fast] Error 2


